{
  "stats": {
    "suites": 5,
    "tests": 5,
    "passes": 5,
    "pending": 0,
    "failures": 0,
    "testsRegistered": 5,
    "passPercent": 100,
    "pendingPercent": 0,
    "other": 0,
    "hasOther": false,
    "skipped": 0,
    "hasSkipped": false,
    "start": "2025-02-28T00:20:31.161Z",
    "end": "2025-02-28T00:26:32.916Z",
    "duration": 361755
  },
  "results": [
    {
      "uuid": "07a6d473-4022-4fa9-a357-f92efd386741",
      "title": "",
      "fullFile": "cypress\\e2e\\delete_customer.cy.js",
      "file": "cypress\\e2e\\delete_customer.cy.js",
      "beforeHooks": [],
      "afterHooks": [],
      "tests": [],
      "suites": [
        {
          "uuid": "18f5c8bd-022c-4eec-9a8e-35f50080bf3a",
          "title": "Delete Customer Test",
          "fullFile": "",
          "file": "",
          "beforeHooks": [],
          "afterHooks": [],
          "tests": [
            {
              "title": "Should delete the customer successfully",
              "fullTitle": "Delete Customer Test Should delete the customer successfully",
              "timedOut": null,
              "duration": 14655,
              "state": "passed",
              "speed": "slow",
              "pass": true,
              "fail": false,
              "pending": false,
              "context": null,
              "code": "// Step 1: Visit the page\ncy.visit('https://www.grocerycrud.com/v1.x/demo/bootstrap_theme');\n// Step 2: Change the \"Select version\" dropdown to \"Bootstrap V4 Theme\"\ncy.get('#switch-version-select').select('Bootstrap V4 Theme');\n// Step 3: Click the \"Search Name\" column and type the name \"Test Customer\"\ncy.get('input[name=\"customerName\"]').type('Test Customer'); // Search for the customer by name\n// Step 4: Find the row with \"Test Customer\" and click the checkbox\ncy.contains('Test Customer') // Locate the cell with the name \"Test Customer\"\n.parents('tr') // Find the row in the table\n.find('input[type=\"checkbox\"]') // Find the checkbox\n.check(); // Check the checkbox\n// Step 5: Click the \"Delete\" button to delete the selected items\ncy.get('.delete-selected-button').click(); // Click the delete button\n// Step 6: Validate the popup text \"Are you sure that you want to delete this 1 item?\"\ncy.get('.modal-body') // Find the confirmation modal body\n.should('contain', 'Are you sure that you want to delete this 1 item?'); // Validate the popup text\n// Step 7: Click the \"Delete\" button in the confirmation popup\ncy.get('.delete-multiple-confirmation-button').click(); // Click the \"Delete\" button in the confirmation modal\n// Step 8: Wait for the success message and validate the text\ncy.get('div[data-growl=\"container\"]', {\n  timeout: 10000\n}) // Wait for up to 10 seconds for the success message\n.should('be.visible') // Ensure the message is visible\n.and('contain', 'Your data has been successfully deleted from the database.'); // Check the success message text\n// Step 9: Close the browser\ncy.window().then(win => win.close()); // Close the browser",
              "err": {},
              "uuid": "07bcb594-029a-49e9-a51c-ba3921ff1c54",
              "parentUUID": "18f5c8bd-022c-4eec-9a8e-35f50080bf3a",
              "isHook": false,
              "skipped": false
            }
          ],
          "suites": [],
          "passes": [
            "07bcb594-029a-49e9-a51c-ba3921ff1c54"
          ],
          "failures": [],
          "pending": [],
          "skipped": [],
          "duration": 14655,
          "root": false,
          "rootEmpty": false,
          "_timeout": 2000
        }
      ],
      "passes": [],
      "failures": [],
      "pending": [],
      "skipped": [],
      "duration": 0,
      "root": true,
      "rootEmpty": true,
      "_timeout": 2000
    },
    {
      "uuid": "ebe3a785-845e-449e-b273-69aebb8f5a9a",
      "title": "",
      "fullFile": "cypress\\e2e\\add_customer.cy.js",
      "file": "cypress\\e2e\\add_customer.cy.js",
      "beforeHooks": [],
      "afterHooks": [],
      "tests": [],
      "suites": [
        {
          "uuid": "67656a7d-bac2-4c86-b97b-580a2f765f43",
          "title": "Add Customer",
          "fullFile": "",
          "file": "",
          "beforeHooks": [],
          "afterHooks": [],
          "tests": [
            {
              "title": "Should successfully add a new customer",
              "fullTitle": "Add Customer Should successfully add a new customer",
              "timedOut": null,
              "duration": 21672,
              "state": "passed",
              "speed": "slow",
              "pass": true,
              "fail": false,
              "pending": false,
              "context": null,
              "code": "// Visit the page\ncy.visit('https://www.grocerycrud.com/v1.x/demo/bootstrap_theme');\n// Select Bootstrap V5 Theme from the dropdown\ncy.get('#switch-version-select').select('Bootstrap V5 Theme');\n// Click the \"Add Customer\" button\ncy.contains('Add Customer').click();\n// Fill out the customer form with random data\ncy.get('[name=\"customerName\"]').type('Test Customer');\ncy.get('[name=\"contactLastName\"]').type('Smith');\ncy.get('[name=\"contactFirstName\"]').type('John');\ncy.get('[name=\"phone\"]').type('123456789');\ncy.get('[name=\"addressLine1\"]').type('123 Main St');\ncy.get('[name=\"addressLine2\"]').type('Apt 4B');\ncy.get('[name=\"city\"]').type('New York');\ncy.get('[name=\"state\"]').type('NY');\ncy.get('[name=\"postalCode\"]').type('10001');\ncy.get('[name=\"country\"]').type('USA');\n// Select \"Bondur\" from the \"From Employer\" dropdown\ncy.get('.chosen-single').click(); // Open the dropdown\ncy.get('.chosen-results li').contains('Bondur').click(); // Select \"Bondur\"\n// Enter credit limit\ncy.get('[name=\"creditLimit\"]').type('5000');\n// Click the \"Save and Go Back to List\" button\ncy.get('#save-and-go-back-button').click();\n// Wait for success message to appear\ncy.get('span[data-growl=\"message\"]', {\n  timeout: 10000\n}) // Wait up to 10s\n.should('be.visible') // Ensure visibility\n.and('contain', 'Your data has been successfully stored into the database.'); // Validate text",
              "err": {},
              "uuid": "8efabe0d-6c62-4e8b-b96c-3d4441ff31d5",
              "parentUUID": "67656a7d-bac2-4c86-b97b-580a2f765f43",
              "isHook": false,
              "skipped": false
            }
          ],
          "suites": [],
          "passes": [
            "8efabe0d-6c62-4e8b-b96c-3d4441ff31d5"
          ],
          "failures": [],
          "pending": [],
          "skipped": [],
          "duration": 21672,
          "root": false,
          "rootEmpty": false,
          "_timeout": 2000
        }
      ],
      "passes": [],
      "failures": [],
      "pending": [],
      "skipped": [],
      "duration": 0,
      "root": true,
      "rootEmpty": true,
      "_timeout": 2000
    },
    {
      "uuid": "32857532-6727-4901-8f4a-c96aff4190b0",
      "title": "",
      "fullFile": "cypress\\e2e\\delete_customer.cy.js",
      "file": "cypress\\e2e\\delete_customer.cy.js",
      "beforeHooks": [],
      "afterHooks": [],
      "tests": [],
      "suites": [
        {
          "uuid": "5ed0fe2f-0882-4f42-8bc1-f2f239c8f99f",
          "title": "Delete Customer Test",
          "fullFile": "",
          "file": "",
          "beforeHooks": [],
          "afterHooks": [],
          "tests": [
            {
              "title": "Should delete the customer successfully",
              "fullTitle": "Delete Customer Test Should delete the customer successfully",
              "timedOut": null,
              "duration": 14632,
              "state": "passed",
              "speed": "slow",
              "pass": true,
              "fail": false,
              "pending": false,
              "context": null,
              "code": "// Step 1: Visit the page\ncy.visit('https://www.grocerycrud.com/v1.x/demo/bootstrap_theme');\n// Step 2: Change the \"Select version\" dropdown to \"Bootstrap V4 Theme\"\ncy.get('#switch-version-select').select('Bootstrap V4 Theme');\n// Step 3: Click the \"Search Name\" column and type the name \"Test Customer\"\ncy.get('input[name=\"customerName\"]').type('Test Customer'); // Search for the customer by name\n// Step 4: Find the row with \"Test Customer\" and click the checkbox\ncy.contains('Test Customer') // Locate the cell with the name \"Test Customer\"\n.parents('tr') // Find the row in the table\n.find('input[type=\"checkbox\"]') // Find the checkbox\n.check(); // Check the checkbox\n// Step 5: Click the \"Delete\" button to delete the selected items\ncy.get('.delete-selected-button').click(); // Click the delete button\n// Step 6: Validate the popup text \"Are you sure that you want to delete this 1 item?\"\ncy.get('.modal-body') // Find the confirmation modal body\n.should('contain', 'Are you sure that you want to delete this 1 item?'); // Validate the popup text\n// Step 7: Click the \"Delete\" button in the confirmation popup\ncy.get('.delete-multiple-confirmation-button').click(); // Click the \"Delete\" button in the confirmation modal\n// Step 8: Wait for the success message and validate the text\ncy.get('div[data-growl=\"container\"]', {\n  timeout: 10000\n}) // Wait for up to 10 seconds for the success message\n.should('be.visible') // Ensure the message is visible\n.and('contain', 'Your data has been successfully deleted from the database.'); // Check the success message text\n// Step 9: Close the browser\ncy.window().then(win => win.close()); // Close the browser",
              "err": {},
              "uuid": "e339e569-2490-4498-ad7b-495ff26f7e01",
              "parentUUID": "5ed0fe2f-0882-4f42-8bc1-f2f239c8f99f",
              "isHook": false,
              "skipped": false
            }
          ],
          "suites": [],
          "passes": [
            "e339e569-2490-4498-ad7b-495ff26f7e01"
          ],
          "failures": [],
          "pending": [],
          "skipped": [],
          "duration": 14632,
          "root": false,
          "rootEmpty": false,
          "_timeout": 2000
        }
      ],
      "passes": [],
      "failures": [],
      "pending": [],
      "skipped": [],
      "duration": 0,
      "root": true,
      "rootEmpty": true,
      "_timeout": 2000
    },
    {
      "uuid": "07a6d473-4022-4fa9-a357-f92efd386741",
      "title": "",
      "fullFile": "cypress\\e2e\\delete_customer.cy.js",
      "file": "cypress\\e2e\\delete_customer.cy.js",
      "beforeHooks": [],
      "afterHooks": [],
      "tests": [],
      "suites": [
        {
          "uuid": "18f5c8bd-022c-4eec-9a8e-35f50080bf3a",
          "title": "Delete Customer Test",
          "fullFile": "",
          "file": "",
          "beforeHooks": [],
          "afterHooks": [],
          "tests": [
            {
              "title": "Should delete the customer successfully",
              "fullTitle": "Delete Customer Test Should delete the customer successfully",
              "timedOut": null,
              "duration": 14655,
              "state": "passed",
              "speed": "slow",
              "pass": true,
              "fail": false,
              "pending": false,
              "context": null,
              "code": "// Step 1: Visit the page\ncy.visit('https://www.grocerycrud.com/v1.x/demo/bootstrap_theme');\n// Step 2: Change the \"Select version\" dropdown to \"Bootstrap V4 Theme\"\ncy.get('#switch-version-select').select('Bootstrap V4 Theme');\n// Step 3: Click the \"Search Name\" column and type the name \"Test Customer\"\ncy.get('input[name=\"customerName\"]').type('Test Customer'); // Search for the customer by name\n// Step 4: Find the row with \"Test Customer\" and click the checkbox\ncy.contains('Test Customer') // Locate the cell with the name \"Test Customer\"\n.parents('tr') // Find the row in the table\n.find('input[type=\"checkbox\"]') // Find the checkbox\n.check(); // Check the checkbox\n// Step 5: Click the \"Delete\" button to delete the selected items\ncy.get('.delete-selected-button').click(); // Click the delete button\n// Step 6: Validate the popup text \"Are you sure that you want to delete this 1 item?\"\ncy.get('.modal-body') // Find the confirmation modal body\n.should('contain', 'Are you sure that you want to delete this 1 item?'); // Validate the popup text\n// Step 7: Click the \"Delete\" button in the confirmation popup\ncy.get('.delete-multiple-confirmation-button').click(); // Click the \"Delete\" button in the confirmation modal\n// Step 8: Wait for the success message and validate the text\ncy.get('div[data-growl=\"container\"]', {\n  timeout: 10000\n}) // Wait for up to 10 seconds for the success message\n.should('be.visible') // Ensure the message is visible\n.and('contain', 'Your data has been successfully deleted from the database.'); // Check the success message text\n// Step 9: Close the browser\ncy.window().then(win => win.close()); // Close the browser",
              "err": {},
              "uuid": "07bcb594-029a-49e9-a51c-ba3921ff1c54",
              "parentUUID": "18f5c8bd-022c-4eec-9a8e-35f50080bf3a",
              "isHook": false,
              "skipped": false
            }
          ],
          "suites": [],
          "passes": [
            "07bcb594-029a-49e9-a51c-ba3921ff1c54"
          ],
          "failures": [],
          "pending": [],
          "skipped": [],
          "duration": 14655,
          "root": false,
          "rootEmpty": false,
          "_timeout": 2000
        }
      ],
      "passes": [],
      "failures": [],
      "pending": [],
      "skipped": [],
      "duration": 0,
      "root": true,
      "rootEmpty": true,
      "_timeout": 2000
    },
    {
      "uuid": "23c3383c-1ddf-4c15-936f-c54faf461111",
      "title": "",
      "fullFile": "cypress\\e2e\\add_customer.cy.js",
      "file": "cypress\\e2e\\add_customer.cy.js",
      "beforeHooks": [],
      "afterHooks": [],
      "tests": [],
      "suites": [
        {
          "uuid": "9f4c6659-02d2-457c-bf51-870fda11c86c",
          "title": "Add Customer",
          "fullFile": "",
          "file": "",
          "beforeHooks": [],
          "afterHooks": [],
          "tests": [
            {
              "title": "Should successfully add a new customer",
              "fullTitle": "Add Customer Should successfully add a new customer",
              "timedOut": null,
              "duration": 21295,
              "state": "passed",
              "speed": "slow",
              "pass": true,
              "fail": false,
              "pending": false,
              "context": null,
              "code": "// Visit the page\ncy.visit('https://www.grocerycrud.com/v1.x/demo/bootstrap_theme');\n// Select Bootstrap V5 Theme from the dropdown\ncy.get('#switch-version-select').select('Bootstrap V5 Theme');\n// Click the \"Add Customer\" button\ncy.contains('Add Customer').click();\n// Fill out the customer form with random data\ncy.get('[name=\"customerName\"]').type('Test Customer');\ncy.get('[name=\"contactLastName\"]').type('Smith');\ncy.get('[name=\"contactFirstName\"]').type('John');\ncy.get('[name=\"phone\"]').type('123456789');\ncy.get('[name=\"addressLine1\"]').type('123 Main St');\ncy.get('[name=\"addressLine2\"]').type('Apt 4B');\ncy.get('[name=\"city\"]').type('New York');\ncy.get('[name=\"state\"]').type('NY');\ncy.get('[name=\"postalCode\"]').type('10001');\ncy.get('[name=\"country\"]').type('USA');\n// Select \"Bondur\" from the \"From Employer\" dropdown\ncy.get('.chosen-single').click(); // Open the dropdown\ncy.get('.chosen-results li').contains('Bondur').click(); // Select \"Bondur\"\n// Enter credit limit\ncy.get('[name=\"creditLimit\"]').type('5000');\n// Click the \"Save and Go Back to List\" button\ncy.get('#save-and-go-back-button').click();\n// Wait for success message to appear\ncy.get('span[data-growl=\"message\"]', {\n  timeout: 10000\n}) // Wait up to 10s\n.should('be.visible') // Ensure visibility\n.and('contain', 'Your data has been successfully stored into the database.'); // Validate text",
              "err": {},
              "uuid": "8f27ea87-2477-47f5-a8fe-18832f19f554",
              "parentUUID": "9f4c6659-02d2-457c-bf51-870fda11c86c",
              "isHook": false,
              "skipped": false
            }
          ],
          "suites": [],
          "passes": [
            "8f27ea87-2477-47f5-a8fe-18832f19f554"
          ],
          "failures": [],
          "pending": [],
          "skipped": [],
          "duration": 21295,
          "root": false,
          "rootEmpty": false,
          "_timeout": 2000
        }
      ],
      "passes": [],
      "failures": [],
      "pending": [],
      "skipped": [],
      "duration": 0,
      "root": true,
      "rootEmpty": true,
      "_timeout": 2000
    }
  ],
  "meta": {
    "mocha": {
      "version": "7.0.1"
    },
    "mochawesome": {
      "options": {
        "quiet": false,
        "reportFilename": "mochawesome",
        "saveHtml": false,
        "saveJson": true,
        "consoleReporter": "spec",
        "useInlineDiffs": false,
        "code": true
      },
      "version": "7.1.3"
    },
    "marge": {
      "options": {
        "reportDir": "cypress/reports",
        "overwrite": false,
        "html": false,
        "json": true
      },
      "version": "6.2.0"
    }
  }
}