{
  "stats": {
    "suites": 1,
    "tests": 1,
    "passes": 1,
    "pending": 0,
    "failures": 0,
    "start": "2025-02-28T14:49:28.370Z",
    "end": "2025-02-28T14:49:47.986Z",
    "duration": 19616,
    "testsRegistered": 1,
    "passPercent": 100,
    "pendingPercent": 0,
    "other": 0,
    "hasOther": false,
    "skipped": 0,
    "hasSkipped": false
  },
  "results": [
    {
      "uuid": "42b3149b-a6c0-4e01-a2aa-2544273b90f5",
      "title": "",
      "fullFile": "cypress\\e2e\\add_customer.cy.js",
      "file": "cypress\\e2e\\add_customer.cy.js",
      "beforeHooks": [],
      "afterHooks": [],
      "tests": [],
      "suites": [
        {
          "uuid": "90e8e118-627b-447c-8426-651f2518116a",
          "title": "Add Customer",
          "fullFile": "",
          "file": "",
          "beforeHooks": [],
          "afterHooks": [],
          "tests": [
            {
              "title": "Should successfully add a new customer",
              "fullTitle": "Add Customer Should successfully add a new customer",
              "timedOut": null,
              "duration": 15999,
              "state": "passed",
              "speed": "slow",
              "pass": true,
              "fail": false,
              "pending": false,
              "context": null,
              "code": "// Visit the page\ncy.visit('https://www.grocerycrud.com/v1.x/demo/bootstrap_theme');\n// Select Bootstrap V5 Theme from the dropdown\ncy.get('#switch-version-select').select('Bootstrap V5 Theme');\n// Click the \"Add Customer\" button\ncy.contains('Add Customer').click();\n// Fill out the customer form with random data\ncy.get('[name=\"customerName\"]').type('Test Customer');\ncy.get('[name=\"contactLastName\"]').type('Smith');\ncy.get('[name=\"contactFirstName\"]').type('John');\ncy.get('[name=\"phone\"]').type('123456789');\ncy.get('[name=\"addressLine1\"]').type('123 Main St');\ncy.get('[name=\"addressLine2\"]').type('Apt 4B');\ncy.get('[name=\"city\"]').type('New York');\ncy.get('[name=\"state\"]').type('NY');\ncy.get('[name=\"postalCode\"]').type('10001');\ncy.get('[name=\"country\"]').type('USA');\n// Select \"Bondur\" from the \"From Employer\" dropdown\ncy.get('.chosen-single').click(); // Open the dropdown\ncy.get('.chosen-results li').contains('Bondur').click(); // Select \"Bondur\"\n// Enter credit limit\ncy.get('[name=\"creditLimit\"]').type('5000');\n// Click the \"Save and Go Back to List\" button\ncy.get('#save-and-go-back-button').click();\n// Wait for success message to appear\ncy.get('span[data-growl=\"message\"]', {\n  timeout: 10000\n}) // Wait up to 10s\n.should('be.visible') // Ensure visibility\n.and('contain', 'Your data has been successfully stored into the database.'); // Validate text",
              "err": {},
              "uuid": "7597c1f4-ef30-4975-af9c-3ca36f1fcb29",
              "parentUUID": "90e8e118-627b-447c-8426-651f2518116a",
              "isHook": false,
              "skipped": false
            }
          ],
          "suites": [],
          "passes": [
            "7597c1f4-ef30-4975-af9c-3ca36f1fcb29"
          ],
          "failures": [],
          "pending": [],
          "skipped": [],
          "duration": 15999,
          "root": false,
          "rootEmpty": false,
          "_timeout": 2000
        }
      ],
      "passes": [],
      "failures": [],
      "pending": [],
      "skipped": [],
      "duration": 0,
      "root": true,
      "rootEmpty": true,
      "_timeout": 2000
    }
  ],
  "meta": {
    "mocha": {
      "version": "7.0.1"
    },
    "mochawesome": {
      "options": {
        "quiet": false,
        "reportFilename": "mochawesome",
        "saveHtml": true,
        "saveJson": true,
        "consoleReporter": "spec",
        "useInlineDiffs": false,
        "code": true
      },
      "version": "7.1.3"
    },
    "marge": {
      "options": {
        "reportDir": "cypress/reports",
        "overwrite": false,
        "html": true,
        "json": true,
        "charts": true
      },
      "version": "6.2.0"
    }
  }
}